<?xml version="1.0" encoding="UTF-8"?>
<!-- Generated by org.testng.reporters.JUnitReportReporter -->
<testsuite hostname="DESKTOP-JSPU6HT" failures="0" tests="1" name="com.practice.TheBook.Chapter1" time="3.585" errors="0" timestamp="2020-11-03T13:56:02 PKT" skipped="0">
  <testcase classname="com.practice.TheBook.Chapter1" name="chapter1" time="3.585"/>
  <system-out/>
</testsuite> <!-- com.practice.TheBook.Chapter1 -->
